Flow report for Lab3_SoC
Wed Nov 23 01:57:16 2022
Quartus Prime Version 21.1.1 Build 850 06/23/2022 SJ Lite Edition


---------------------
; Table of Contents ;
---------------------
  1. Legal Notice
  2. Flow Summary
  3. Flow Settings
  4. Flow Non-Default Global Settings
  5. Flow Elapsed Time
  6. Flow OS Summary
  7. Flow Log
  8. Flow Messages
  9. Flow Suppressed Messages



----------------
; Legal Notice ;
----------------
Copyright (C) 2022  Intel Corporation. All rights reserved.
Your use of Intel Corporation's design tools, logic functions 
and other software and tools, and any partner logic 
functions, and any output files from any of the foregoing 
(including device programming or simulation files), and any 
associated documentation or information are expressly subject 
to the terms and conditions of the Intel Program License 
Subscription Agreement, the Intel Quartus Prime License Agreement,
the Intel FPGA IP License Agreement, or other applicable license
agreement, including, without limitation, that your use is for
the sole purpose of programming logic devices manufactured by
Intel and sold by Intel or its authorized distributors.  Please
refer to the applicable agreement for further details, at
https://fpgasoftware.intel.com/eula.



+-------------------------------------------------------------------------------+
; Flow Summary                                                                  ;
+---------------------------------+---------------------------------------------+
; Flow Status                     ; Successful - Wed Nov 23 01:57:16 2022       ;
; Quartus Prime Version           ; 21.1.1 Build 850 06/23/2022 SJ Lite Edition ;
; Revision Name                   ; Lab3_SoC                                    ;
; Top-level Entity Name           ; nios_divisor_top                            ;
; Family                          ; Cyclone V                                   ;
; Device                          ; 5CSEMA5F31C6                                ;
; Timing Models                   ; Final                                       ;
; Logic utilization (in ALMs)     ; 1,015 / 32,070 ( 3 % )                      ;
; Total registers                 ; 1260                                        ;
; Total pins                      ; 37 / 457 ( 8 % )                            ;
; Total virtual pins              ; 0                                           ;
; Total block memory bits         ; 971,264 / 4,065,280 ( 24 % )                ;
; Total DSP Blocks                ; 0 / 87 ( 0 % )                              ;
; Total HSSI RX PCSs              ; 0                                           ;
; Total HSSI PMA RX Deserializers ; 0                                           ;
; Total HSSI TX PCSs              ; 0                                           ;
; Total HSSI PMA TX Serializers   ; 0                                           ;
; Total PLLs                      ; 0 / 6 ( 0 % )                               ;
; Total DLLs                      ; 0 / 4 ( 0 % )                               ;
+---------------------------------+---------------------------------------------+


+-----------------------------------------+
; Flow Settings                           ;
+-------------------+---------------------+
; Option            ; Setting             ;
+-------------------+---------------------+
; Start date & time ; 11/23/2022 01:53:25 ;
; Main task         ; Compilation         ;
; Revision Name     ; Lab3_SoC            ;
+-------------------+---------------------+


+-------------------------------------------------------------------------------------------------------------------------------------------------+
; Flow Non-Default Global Settings                                                                                                                ;
+-------------------------------------+-----------------------------------------------------------+---------------+------------------+------------+
; Assignment Name                     ; Value                                                     ; Default Value ; Entity Name      ; Section Id ;
+-------------------------------------+-----------------------------------------------------------+---------------+------------------+------------+
; COMPILER_SIGNATURE_ID               ; 259684876166833.166918640535240                           ; --            ; --               ; --         ;
; MAX_CORE_JUNCTION_TEMP              ; 85                                                        ; --            ; --               ; --         ;
; MIN_CORE_JUNCTION_TEMP              ; 0                                                         ; --            ; --               ; --         ;
; MISC_FILE                           ; div_sys/synthesis/../div_sys.cmp                          ; --            ; --               ; --         ;
; MISC_FILE                           ; div_sys/synthesis/../../div_sys.qsys                      ; --            ; --               ; --         ;
; PARTITION_COLOR                     ; -- (Not supported for targeted family)                    ; --            ; nios_divisor_top ; Top        ;
; PARTITION_FITTER_PRESERVATION_LEVEL ; -- (Not supported for targeted family)                    ; --            ; nios_divisor_top ; Top        ;
; PARTITION_NETLIST_TYPE              ; -- (Not supported for targeted family)                    ; --            ; nios_divisor_top ; Top        ;
; POWER_BOARD_THERMAL_MODEL           ; None (CONSERVATIVE)                                       ; --            ; --               ; --         ;
; POWER_PRESET_COOLING_SOLUTION       ; 23 MM HEAT SINK WITH 200 LFPM AIRFLOW                     ; --            ; --               ; --         ;
; PROJECT_OUTPUT_DIRECTORY            ; output_files                                              ; --            ; --               ; --         ;
; SLD_FILE                            ; div_sys/synthesis/div_sys.regmap                          ; --            ; --               ; --         ;
; SLD_FILE                            ; div_sys/synthesis/div_sys.debuginfo                       ; --            ; --               ; --         ;
; SLD_INFO                            ; QSYS_NAME div_sys HAS_SOPCINFO 1 GENERATION_ID 1669186102 ; --            ; div_sys          ; --         ;
; SOPCINFO_FILE                       ; div_sys/synthesis/../../div_sys.sopcinfo                  ; --            ; --               ; --         ;
; SYNTHESIS_ONLY_QIP                  ; On                                                        ; --            ; --               ; --         ;
; TOP_LEVEL_ENTITY                    ; nios_divisor_top                                          ; Lab3_SoC      ; --               ; --         ;
+-------------------------------------+-----------------------------------------------------------+---------------+------------------+------------+


+--------------------------------------------------------------------------------------------------------------------------+
; Flow Elapsed Time                                                                                                        ;
+----------------------+--------------+-------------------------+---------------------+------------------------------------+
; Module Name          ; Elapsed Time ; Average Processors Used ; Peak Virtual Memory ; Total CPU Time (on all processors) ;
+----------------------+--------------+-------------------------+---------------------+------------------------------------+
; Analysis & Synthesis ; 00:00:16     ; 1.0                     ; 880 MB              ; 00:00:34                           ;
; Fitter               ; 00:00:36     ; 1.2                     ; 2505 MB             ; 00:01:55                           ;
; Assembler            ; 00:00:05     ; 1.0                     ; 774 MB              ; 00:00:05                           ;
; Timing Analyzer      ; 00:00:05     ; 2.3                     ; 1202 MB             ; 00:00:11                           ;
; Total                ; 00:01:02     ; --                      ; --                  ; 00:02:45                           ;
+----------------------+--------------+-------------------------+---------------------+------------------------------------+


+--------------------------------------------------------------------------------------+
; Flow OS Summary                                                                      ;
+----------------------+------------------+-------------+-------------+----------------+
; Module Name          ; Machine Hostname ; OS Name     ; OS Version  ; Processor type ;
+----------------------+------------------+-------------+-------------+----------------+
; Analysis & Synthesis ; fedora           ; Fedora Core ; Fedora Core ; x86_64         ;
; Fitter               ; fedora           ; Fedora Core ; Fedora Core ; x86_64         ;
; Assembler            ; fedora           ; Fedora Core ; Fedora Core ; x86_64         ;
; Timing Analyzer      ; fedora           ; Fedora Core ; Fedora Core ; x86_64         ;
+----------------------+------------------+-------------+-------------+----------------+


------------
; Flow Log ;
------------
quartus_map --read_settings_files=on --write_settings_files=off Lab3_SoC -c Lab3_SoC
quartus_fit --read_settings_files=off --write_settings_files=off Lab3_SoC -c Lab3_SoC
quartus_asm --read_settings_files=off --write_settings_files=off Lab3_SoC -c Lab3_SoC
quartus_sta Lab3_SoC -c Lab3_SoC
quartus_eda --read_settings_files=on --write_settings_files=off Lab3_SoC -c Lab3_SoC



